--- 2024 01 09 07:39:19 Première impression feature ’recette/grand_titre’
--- 2024 01 09 07:39:19 Première impression feature ’pagination/titre_section’
--- 2024 01 09 07:39:19 Première impression feature ’pagination/pagination’
--- 2024 01 09 07:39:19 Première impression feature ’pagination/types_numerotation’
--- 2024 01 09 07:39:19 Première impression feature ’pagination/numerotation_paragraphes’
--- 2024 01 09 07:39:19 Première impression feature ’pagination/aspect_numero’
--- 2024 01 09 07:39:19 Première impression feature ’pagination/arret_pagination’
--- 2024 01 09 07:39:19 Première impression feature ’pagination/no_pagination’
--- 2024 01 09 07:39:19 Première impression feature ’pagination/numeroter_pages_vierges’
--- 2024 01 09 07:39:19 Première impression feature ’puces/puces’
--- 2024 01 09 07:39:19 Première impression feature ’puces/losange’
--- 2024 01 09 07:39:19 Première impression feature ’puces/black_losange’
--- 2024 01 09 07:39:19 Première impression feature ’puces/square’
--- 2024 01 09 07:39:19 Première impression feature ’puces/black_square’
--- 2024 01 09 07:39:19 Première impression feature ’puces/bullet’
--- 2024 01 09 07:39:19 Première impression feature ’puces/black_bullet’
--- 2024 01 09 07:39:19 Première impression feature ’puces/finger’
--- 2024 01 09 07:39:19 Première impression feature ’puces/black_finger’
--- 2024 01 09 07:39:19 Première impression feature ’puces/big_hyphen’
--- 2024 01 09 07:39:19 Première impression feature ’puces/custom_image’
--- 2024 01 09 07:39:19 Première impression feature ’format_precis/grand_titre’
--- 2024 01 09 07:39:19 Première impression feature ’format_precis/definition_marges’
--- 2024 01 09 07:42:07 Première impression feature ’recette/grand_titre’
--- 2024 01 09 07:42:07 Première impression feature ’pagination/titre_section’
--- 2024 01 09 07:42:07 Première impression feature ’pagination/pagination’
--- 2024 01 09 07:42:07 Première impression feature ’pagination/types_numerotation’
--- 2024 01 09 07:42:07 Première impression feature ’pagination/numerotation_paragraphes’
--- 2024 01 09 07:42:07 Première impression feature ’pagination/aspect_numero’
--- 2024 01 09 07:42:07 Première impression feature ’pagination/arret_pagination’
--- 2024 01 09 07:42:07 Première impression feature ’pagination/no_pagination’
--- 2024 01 09 07:42:07 Première impression feature ’pagination/numeroter_pages_vierges’
--- 2024 01 09 07:42:07 Première impression feature ’puces/puces’
--- 2024 01 09 07:42:07 Première impression feature ’puces/losange’
--- 2024 01 09 07:42:07 Première impression feature ’puces/black_losange’
--- 2024 01 09 07:42:07 Première impression feature ’puces/square’
--- 2024 01 09 07:42:07 Première impression feature ’puces/black_square’
--- 2024 01 09 07:42:07 Première impression feature ’puces/bullet’
--- 2024 01 09 07:42:07 Première impression feature ’puces/black_bullet’
--- 2024 01 09 07:42:07 Première impression feature ’puces/finger’
--- 2024 01 09 07:42:07 Première impression feature ’puces/black_finger’
--- 2024 01 09 07:42:07 Première impression feature ’puces/big_hyphen’
--- 2024 01 09 07:42:07 Première impression feature ’puces/custom_image’
--- 2024 01 09 07:42:07 Première impression feature ’format_precis/grand_titre’
--- 2024 01 09 07:42:07 Première impression feature ’format_precis/definition_marges’
--- 2024 01 09 07:42:07 Première impression feature ’format_precis/double_colonnes’
